<?xml version="1.0" encoding="UTF-8"?>
<testsuite xmlns:xsi="http://www.w3.org/2001/XMLSchema-instance" xsi:noNamespaceSchemaLocation="https://maven.apache.org/surefire/maven-surefire-plugin/xsd/surefire-test-report-3.0.xsd" version="3.0" name="com.app.measurement.AccessService.TestContainersTest" time="2.482" tests="1" errors="0" skipped="0" failures="0">
  <properties>
[...]
</properties>
  <testcase name="canStartPostgresDB" classname="com.app.measurement.AccessService.TestContainersTest" time="0.011">
    <system-out><![CDATA[15:23:33.904 [main] INFO tc.postgres:latest -- Creating container for image: postgres:latest
15:23:33.964 [main] INFO tc.postgres:latest -- Container postgres:latest is starting: 64bf911583d098e97c6920fa36df6ffc19ed05e4568ee493321d3ae75da518e6
15:23:35.900 [main] INFO tc.postgres:latest -- Container postgres:latest started in PT1.9962945S
15:23:35.900 [main] INFO tc.postgres:latest -- Container is started (JDBC URL: jdbc:postgresql://localhost:52440/levantos-dao-unit-test?loggerLevel=OFF)
15:23:35.915 [main] INFO org.flywaydb.core.internal.database.base.BaseDatabaseType -- Database: jdbc:postgresql://localhost:52440/levantos-dao-unit-test (PostgreSQL 16.1)
15:23:35.921 [main] WARN org.flywaydb.core.internal.database.base.Database -- Flyway upgrade recommended: PostgreSQL 16.1 is newer than this version of Flyway and support has not been tested. The latest supported version of PostgreSQL is 15.
15:23:35.926 [main] INFO org.flywaydb.core.internal.schemahistory.JdbcTableSchemaHistory -- Schema history table "public"."flyway_schema_history" does not exist yet
15:23:35.928 [main] INFO org.flywaydb.core.internal.command.DbValidate -- Successfully validated 1 migration (execution time 00:00.004s)
15:23:35.936 [main] INFO org.flywaydb.core.internal.schemahistory.JdbcTableSchemaHistory -- Creating Schema History table "public"."flyway_schema_history" ...
15:23:35.957 [main] INFO org.flywaydb.core.internal.command.DbMigrate -- Current version of schema "public": << Empty Schema >>
15:23:35.962 [main] INFO org.flywaydb.core.internal.command.DbMigrate -- Migrating schema "public" to version "1 - Initial Setup"
15:23:35.975 [main] INFO org.flywaydb.core.internal.command.DbMigrate -- Successfully applied 1 migration to schema "public", now at version v1 (execution time 00:00.021s)
]]></system-out>
  </testcase>
</testsuite>